Determining if the pthread_create exist failed with the following output:
Change Dir: /home/gokul/galileo2023/build/CMakeFiles/CMakeTmp

Run Build Command:"/usr/bin/make" "cmTC_fce1b/fast"
/usr/bin/make -f CMakeFiles/cmTC_fce1b.dir/build.make CMakeFiles/cmTC_fce1b.dir/build
make[1]: Entering directory '/home/gokul/galileo2023/build/CMakeFiles/CMakeTmp'
Building C object CMakeFiles/cmTC_fce1b.dir/CheckSymbolExists.c.o
/usr/bin/cc     -o CMakeFiles/cmTC_fce1b.dir/CheckSymbolExists.c.o   -c /home/gokul/galileo2023/build/CMakeFiles/CMakeTmp/CheckSymbolExists.c
Linking C executable cmTC_fce1b
/usr/local/bin/cmake -E cmake_link_script CMakeFiles/cmTC_fce1b.dir/link.txt --verbose=1
/usr/bin/cc       CMakeFiles/cmTC_fce1b.dir/CheckSymbolExists.c.o  -o cmTC_fce1b -rdynamic 
/usr/bin/ld: CMakeFiles/cmTC_fce1b.dir/CheckSymbolExists.c.o: in function `main':
CheckSymbolExists.c:(.text+0x1f): undefined reference to `pthread_create'
collect2: error: ld returned 1 exit status
make[1]: *** [CMakeFiles/cmTC_fce1b.dir/build.make:98: cmTC_fce1b] Error 1
make[1]: Leaving directory '/home/gokul/galileo2023/build/CMakeFiles/CMakeTmp'
make: *** [Makefile:126: cmTC_fce1b/fast] Error 2

File /home/gokul/galileo2023/build/CMakeFiles/CMakeTmp/CheckSymbolExists.c:
/* */
#include <pthread.h>

int main(int argc, char** argv)
{
  (void)argv;
#ifndef pthread_create
  return ((int*)(&pthread_create))[argc];
#else
  (void)argc;
  return 0;
#endif
}

Determining if the function pthread_create exists in the pthreads failed with the following output:
Change Dir: /home/gokul/galileo2023/build/CMakeFiles/CMakeTmp

Run Build Command:"/usr/bin/make" "cmTC_12271/fast"
/usr/bin/make -f CMakeFiles/cmTC_12271.dir/build.make CMakeFiles/cmTC_12271.dir/build
make[1]: Entering directory '/home/gokul/galileo2023/build/CMakeFiles/CMakeTmp'
Building C object CMakeFiles/cmTC_12271.dir/CheckFunctionExists.c.o
/usr/bin/cc    -DCHECK_FUNCTION_EXISTS=pthread_create   -o CMakeFiles/cmTC_12271.dir/CheckFunctionExists.c.o   -c /usr/local/share/cmake-3.7/Modules/CheckFunctionExists.c
Linking C executable cmTC_12271
/usr/local/bin/cmake -E cmake_link_script CMakeFiles/cmTC_12271.dir/link.txt --verbose=1
/usr/bin/cc   -DCHECK_FUNCTION_EXISTS=pthread_create    CMakeFiles/cmTC_12271.dir/CheckFunctionExists.c.o  -o cmTC_12271 -rdynamic -lpthreads 
/usr/bin/ld: cannot find -lpthreads
collect2: error: ld returned 1 exit status
make[1]: *** [CMakeFiles/cmTC_12271.dir/build.make:98: cmTC_12271] Error 1
make[1]: Leaving directory '/home/gokul/galileo2023/build/CMakeFiles/CMakeTmp'
make: *** [Makefile:126: cmTC_12271/fast] Error 2


